Computer programming
Introduction to Programming
Introduction to Programming Logic
Object-oriented programming
Dynamic programming
Algorithms
Programming Languages
Theory of programming languages
Compilers and language theory
DirectX
OpenGL
Shell Scripting
Python
libavg
pyOpenGL
JavaScript
jQuery
PHP
Ruby
Java
Introduction to Programming in Java
Java tutorial
Web programming, an example
C
Objective-C
C++, .NET
Assembly
VHDL
Software/Application engineering
Software project management
Databases
Modelling
User interfaces
Software testing
Software quality assurance test
Service Oriented Architecture
Computer Graphics Programming