Algorithms
Introduction to algorithms
Numerical Algorithms
Number Theory
Introductory Discrete Mathematics for Computer Science
Computer Engineering (The Art of Making Computers)
Computer architecture
Introduction to Computer Architecture
Service Oriented Architecture
Electronic Design
Logic Design
VHDL
Processor Architecture
Data Logic
Computer Logic
Statistics
Graph theory
Information theory
Computer Science Theory
Introductory Discrete Mathematics for Computer Science
Automata theory
Complexity theory