2019-09-16 07:13:57,051 [INFO] from play.core.server.NettyServer in pool-6-thread-4 - Listening for HTTP on /0:0:0:0:0:0:0:0:9000
2019-09-16 07:47:39,037 [INFO] from application in ForkJoinPool-1-worker-1 - Application is started!!!
2019-09-16 07:47:39,524 [INFO] from application in ForkJoinPool-1-worker-1 - Model loaded: true
2019-09-16 07:47:39,528 [INFO] from play.api.Play in ForkJoinPool-1-worker-1 - Application started (Dev)
2019-09-16 07:47:39,604 [INFO] from application in application-akka.actor.default-dispatcher-2 - STARTING DEMAND
2019-09-16 07:47:39,914 [INFO] from application in application-akka.actor.default-dispatcher-2 - Keywords: ListBuffer(memcached, user interaction, centos, win32, pig, aws opsworks, rdf, linear programming, flask, jbehave, less, h.265, resin, nines, agile project management, ansible, data conversion, network, java, oracle, wordpress, static analysis, integration testing, google play services, varnish, database, ravendb, software engineering, sockets, cad, web services, design patterns, shell scripting, meteor, reactjs, solr, android-ide, ooad, ros, trac, ssrs, supervised learning, tts, jasmine, netsuite, sass, ab testing, software design, magento, vb6, delphi, virtualization, netty, rdbms, ruby on rails, web applications, meshing, gaap, matlab, flask restful, gruntjs, design, chef, command line, vb.net, dba, css, jboss, vmware, azure, aem, sqlalchemy, websphere, c#-4.0, capybara, .net-framework, gradle, active-directory, hql, objective-c, cloud, ssrs 2008, sql server 2008, hybernate, opencl, cisco, distributed database, apache kafka, apache spark, php, visualforce, excel vba, architect, continuous deployment, front end, ejb, wpf, adobecq, aws-sdk, databases, c+, ruby on rails 3, automated deployment, data driven, typescript, fpga, cloudfoundry, cocoa touch, semantic web, pci-e, java 8, reporting services, boost, data binding, redis, webapplications, mysql, npm, twitter bootstrap, git, angularjs, openlayers, rest, css3, lisp, modeling, extreme programming, backbone, scom, backbone.js, siem, datomic, cascading, visio, nosql, sqlite, exchange server, linked data, drupal, analytics, google analytics api, mapi, vsphere, aurelia, uiux, gulp, grid computing, jsp, oodesign, development, gnu, hardware, yii, kafka, xhtml, nunit, spring mvc, data analysis, fingerprinting, mercurial, deaf, smpp, windows, continuous delivery, regression testing, salt stack, qnx, cassandra, dns, javascript, rdms, amazon emr, wolfram mathematica, parallel processing, coldfusion, asp.net-mvc, serverside javascript, wave, visualization, responsive web design, jndi, watir, tcl, network programming, sip server, voip, mean stack, firewall, netcdf, sql, hbase, pandas, balsamiq, lxc, sybase, data engineer, full stack, riak, servicestack, yarn, vldb, apache, c++, simulation, twisted, ecmascript-6, excel, html5, salesforce, aerospike, nas, fabric, crm, wiki, ember.js, cloudera, tcp-ip, perl, android-intent, programming, device driver, business intelligence, gsm, zookeeper, netapp, linear algebra, chef recipe, plsql, jaxb, tbb, software engineer, oneplus, dts, tableau, udp, sdn, .net, mongodb, ipsec, django, tastypie, swift, qt, arcgis, coffeescript, responsive design, cvs, bower, computer science, xaml, vba, pci, debugging, identity management, jee, sharepoint 2007, oop, 3d, reporting, bioinformatics, html, nginx, scipy, maven, linux device driver, restful authentication, image processing, artificial intelligence, android developer, bash, exchange, multicast, playframework-2.0, playframework, jade, office365, cordova, mysqli, ss7, adobe, golang, restful architecture, asp.net web api, tools, object oriented analysis, s3, togaf, etl, functional programming, soa, ssis, data science, web security, data management, cloud hosting, cobol, sql server 2014, iis-7, iam, ruby on rails 4, opengl, statistics, math, python, tfs, tdd, paas, soapui, object oriented, scrum master, wireless, nodejs, amazon redshift, boost python, falcor, indexing, postgresql, microservices, apex, opencv, psql, github, cucumber, software architecture, penetration testing, machine learning, machine code, tsql, android-ui, windows mobile, mybatis, domain driven design, sdlc, polymer, spring, cluster computing, ruby, ipython, data mining, olap, expresso, data visualization, data structures, d3.js, j2ee, leadership, ec2, risk-management, scripting language, mgmt, directx, compass sass, ms access, clojure, selenium webdriver, networks, dropwizard, gherkin, scala, sql server, mahout, jaxp, devops, wireframing, web crawler, cuda, amazon web services, agile, edi, fullstack, networking, mvvm, zend framework, lucene, visual studio 2012, sed, sas, linux, sharepoint, ieee, http, go, xilinx, haproxy, analysis, unix, stata, openstack, node.js, storm, gpgpu, linq, joomla, google apps, redhat, dhtml, jwplayer, software development, aix, silverlight, sympy, lampstack, rom, webgl, nancy, impala, bdd, prestashop, developer, angular.js, vpn, r, emr, https, extjs, ajax, t-sql, third party api, pmp, analyst, scientific computing, relational databases, iot, yrs, android studio, titanium, jquery, ipc, hl7, scrum, vowpalwabbit, solaris, quantitative finance, selenium, underscore.js, c#, iphone, amazon s3, elastic map reduce, winapi, pega, computer forensics, embedded linux, ant, virtual machine, d3, llvm, .net-4.0, cryptography, rhel5, lmax, linux kernel, marionette, doctrine, android, activemq, ultrasound, mobile-development, tomcat, glsl, uart, erlang, visual studio 2010, comp, giraph, cocoapods, supercomputers, heroku, waterfall, cheminformatics, version control, eclipse, protractor, symfony2, bpm, scada, hibernate, tcp, dom, specflow, titanium mobile, cics, frontend, symfony-2.3, tester, elixir, automation, sharepoint 2010, agile processes, postgis, api, newsgator, powershell, sdk, nagios, hadoop, vsam, haskell, ms office, osx, hudson, elasticsearch, robotics, fintech, rhel, swing, project management, c, jdbc, angular, episerver, lead developer, powerbuilder, administrator, zeromq, react native, biztalk, otrs, google app engine, rtos, confluence, rtsp, photoshop, rspec, business objects, rails, laravel, f#, data warehouse, javaj2ee, xamarin, disaster recovery, jira, ux, presales, metadata, ui, grails, wcf, ember, video streaming, websocket, haml, ms sql, pki, opengl-es-2.0, c#-5.0, junit, mobile, autosar, numerical methods, peoplesoft, html5 canvas, database design, xcode, hybris, jenkins, big data, unit testing, sqoop, postgres, assurance, umbraco, akka, ipad, multithreading, stateflow, high availability, jvm, thrift, ocaml, dynamic, rackspace, zend, mockito, security, xslt, aws, automated tests, dagger, xml, visual studio, reverse engineering, sencha, mapreduce, i2c, unity3d, debian, web component, eclipse plugin, wicket, flux, mpi, rds, hdfs, rhel6, apache spark ml, vaadin, jpa, cem, object oriented database, socket.io, vim, xmpp, django rest framework, qml, pii, winforms, spark, gpu, ios7, refactoring, laser, wireshark, jsf, couchbase, saas, x86, c#-3.0, data modeling, gwt, celery, front end, ldap, web frameworks, scrapy, ionic-framework, rx-java, mvc, c++0x, concurrent programming, symfony, osgi, lua, go-golang, struts, labview, amazon-ec2, exp, nio, log-analysis, arm, complex event processing, pentaho, hive, stl, user experience, compiler, rabbitmq, scripting, finance, customer support, ios, asic, cc++, json, coreos, react, database administration, dsl, sql azure, monitoring, sitecore, oracle11g, atlassian, hpc, m2m, performance testing, neo4j, c++11, dojo, orchestration, troubleshooting, backend, model-view-controller, lambda, fortran, erp, jmeter, retrolambda, jax rs, build-automation, shell, product management, unity, apache camel, owasp, java-ee, groovy, pubnub, storage, soap, disassembling, relational database, pci dss, devexpress, durandal, tcpip, algorithmic trading, web analytics, web frontend, prototype, continuous integration, rhel7, sysadmin, asp.net, numpy, mesos, docker, knockout.js, iis, system administration, lamp, geolocation, pyramid, uml, abdroid, puppet, ospf, oracle sql, stored procedures, gis, osmdroid, nlp, distributed computing, jruby, sales, webforms, user interface, apache spark sql, cocoa, linux unix, svn) and Countries: ListBuffer(de)
2019-09-16 07:47:40,032 [INFO] from application in application-akka.actor.default-dispatcher-2 - GET wrapper request
2019-09-16 07:47:40,033 [INFO] from application in application-akka.actor.default-dispatcher-2 - http://api.adzuna.com/v1/api/jobs/de/search/1?what=memcached&app_id=d259fd56&app_key=ce757054399cfabd932b10f768dab293&results_per_page=50
2019-09-16 07:48:08,402 [INFO] from application in application-akka.actor.default-dispatcher-3 - Execute Silk Transformations
2019-09-16 07:48:08,421 [INFO] from application in application-akka.actor.default-dispatcher-3 - Executing silk transformation: AdzunaTransformationTask
2019-09-16 07:48:08,538 [WARN] from application in application-akka.actor.default-dispatcher-3 - Got status code 404 with message: There was a problem with the Silk transformation endpoint. Service response:

{"title":"Not Found","detail":"Not Found","cause":null}
2019-09-16 07:48:08,650 [INFO] from application in application-akka.actor.default-dispatcher-2 - Count: 0
2019-09-16 07:48:08,652 [INFO] from application in application-akka.actor.default-dispatcher-2 - Country Enrichment Process
2019-09-16 07:48:08,681 [INFO] from application in application-akka.actor.default-dispatcher-2 - GeoNames Enrichment Process
2019-09-16 07:48:08,686 [INFO] from application in application-akka.actor.default-dispatcher-2 - Model size with Geo: 0
2019-09-16 07:48:08,692 [INFO] from application in application-akka.actor.default-dispatcher-2 - Skills Enrichment Process
2019-09-16 07:48:16,868 [INFO] from application in application-akka.actor.default-dispatcher-3 - Skills Model Size: 0
2019-09-16 07:48:16,869 [INFO] from application in application-akka.actor.default-dispatcher-2 - Skill Model Size: 0
2019-09-16 07:48:16,869 [INFO] from application in application-akka.actor.default-dispatcher-2 - Storing final model: 0
2019-09-16 07:48:20,890 [ERROR] from application in application-akka.actor.default-dispatcher-2 - 

! @7d7klg18c - Internal server error, for (GET) [/fuhsen/edsa/adzuna/job_search?country=de] ->
 
play.api.http.HttpErrorHandlerExceptions$$anon$1: Execution exception[[IOException: Remotely closed]]
	at play.api.http.HttpErrorHandlerExceptions$.throwableToUsefulException(HttpErrorHandler.scala:265) ~[play_2.11-2.4.6.jar:2.4.6]
	at play.api.http.DefaultHttpErrorHandler.onServerError(HttpErrorHandler.scala:191) ~[play_2.11-2.4.6.jar:2.4.6]
	at play.api.GlobalSettings$class.onError(GlobalSettings.scala:179) [play_2.11-2.4.6.jar:2.4.6]
	at Global$.onError(Global.scala:11) [classes/:na]
	at play.api.http.GlobalSettingsHttpErrorHandler.onServerError(HttpErrorHandler.scala:94) [play_2.11-2.4.6.jar:2.4.6]
	at play.core.server.netty.PlayDefaultUpstreamHandler$$anonfun$9$$anonfun$apply$1.applyOrElse(PlayDefaultUpstreamHandler.scala:151) [play-netty-server_2.11-2.4.6.jar:2.4.6]
	at play.core.server.netty.PlayDefaultUpstreamHandler$$anonfun$9$$anonfun$apply$1.applyOrElse(PlayDefaultUpstreamHandler.scala:148) [play-netty-server_2.11-2.4.6.jar:2.4.6]
	at scala.runtime.AbstractPartialFunction.apply(AbstractPartialFunction.scala:36) [scala-library-2.11.6.jar:na]
	at scala.util.Failure$$anonfun$recover$1.apply(Try.scala:215) [scala-library-2.11.6.jar:na]
	at scala.util.Try$.apply(Try.scala:191) [scala-library-2.11.6.jar:na]
	at scala.util.Failure.recover(Try.scala:215) [scala-library-2.11.6.jar:na]
	at scala.concurrent.Future$$anonfun$recover$1.apply(Future.scala:324) [scala-library-2.11.6.jar:na]
	at scala.concurrent.Future$$anonfun$recover$1.apply(Future.scala:324) [scala-library-2.11.6.jar:na]
	at scala.concurrent.impl.CallbackRunnable.run(Promise.scala:32) [scala-library-2.11.6.jar:na]
	at play.api.libs.iteratee.Execution$trampoline$.executeScheduled(Execution.scala:109) [play-iteratees_2.11-2.4.6.jar:2.4.6]
	at play.api.libs.iteratee.Execution$trampoline$.execute(Execution.scala:71) [play-iteratees_2.11-2.4.6.jar:2.4.6]
	at scala.concurrent.impl.CallbackRunnable.executeWithValue(Promise.scala:40) [scala-library-2.11.6.jar:na]
	at scala.concurrent.impl.Promise$DefaultPromise.tryComplete(Promise.scala:248) [scala-library-2.11.6.jar:na]
	at scala.concurrent.Promise$class.complete(Promise.scala:55) [scala-library-2.11.6.jar:na]
	at scala.concurrent.impl.Promise$DefaultPromise.complete(Promise.scala:153) [scala-library-2.11.6.jar:na]
	at scala.concurrent.impl.Future$PromiseCompletingRunnable.run(Future.scala:23) [scala-library-2.11.6.jar:na]
	at akka.dispatch.TaskInvocation.run(AbstractDispatcher.scala:40) [akka-actor_2.11-2.3.13.jar:na]
	at akka.dispatch.ForkJoinExecutorConfigurator$AkkaForkJoinTask.exec(AbstractDispatcher.scala:397) [akka-actor_2.11-2.3.13.jar:na]
	at scala.concurrent.forkjoin.ForkJoinTask.doExec(ForkJoinTask.java:260) [scala-library-2.11.6.jar:na]
	at scala.concurrent.forkjoin.ForkJoinPool$WorkQueue.runTask(ForkJoinPool.java:1339) [scala-library-2.11.6.jar:na]
	at scala.concurrent.forkjoin.ForkJoinPool.runWorker(ForkJoinPool.java:1979) [scala-library-2.11.6.jar:na]
	at scala.concurrent.forkjoin.ForkJoinWorkerThread.run(ForkJoinWorkerThread.java:107) [scala-library-2.11.6.jar:na]
Caused by: java.io.IOException: Remotely closed
